  소스.cpp
c:\users\김동하\desktop\깃\baekjun\알고리즘\1504\1504\소스.cpp(36): warning C4018: '<': signed 또는 unsigned가 일치하지 않습니다.
c:\program files (x86)\microsoft visual studio\2017\community\vc\tools\msvc\14.16.27023\include\utility(172): warning C4244: '초기화 중': '_Ty'에서 '_Ty1'(으)로 변환하면서 데이터가 손실될 수 있습니다.
          with
          [
              _Ty=__int64
          ]
          and
          [
              _Ty1=int
          ]
  c:\users\김동하\desktop\깃\baekjun\알고리즘\1504\1504\소스.cpp(41): note: 컴파일 중인 함수 템플릿 인스턴스화 'std::pair<int,int>::pair<__int64,int&,0>(_Other1 &&,_Other2) noexcept'에 대한 참조를 확인하십시오.
          with
          [
              _Other1=__int64,
              _Other2=int &
          ]
  c:\users\김동하\desktop\깃\baekjun\알고리즘\1504\1504\소스.cpp(41): note: 컴파일 중인 함수 템플릿 인스턴스화 'std::pair<int,int>::pair<__int64,int&,0>(_Other1 &&,_Other2) noexcept'에 대한 참조를 확인하십시오.
          with
          [
              _Other1=__int64,
              _Other2=int &
          ]
  1504.vcxproj -> C:\Users\김동하\Desktop\깃\Baekjun\알고리즘\1504\Debug\1504.exe
